<?xml version="1.0" encoding="UTF-8"?>
<testng-results skipped="0" failed="0" ignored="0" total="1" passed="1">
  <reporter-output>
  </reporter-output>
  <suite name="Suite" duration-ms="40745" started-at="2017-09-15T11:00:42Z" finished-at="2017-09-15T11:01:23Z">
    <groups>
    </groups>
    <test name="Test" duration-ms="40745" started-at="2017-09-15T11:00:42Z" finished-at="2017-09-15T11:01:23Z">
      <class name="com.gmaillogin.GmailLogin">
        <test-method status="PASS" signature="login()[pri:0, instance:com.gmaillogin.GmailLogin@67b64c45]" name="login" duration-ms="40726" started-at="2017-09-15T16:30:42Z" finished-at="2017-09-15T16:31:23Z">
          <reporter-output>
          </reporter-output>
        </test-method> <!-- login -->
      </class> <!-- com.gmaillogin.GmailLogin -->
    </test> <!-- Test -->
  </suite> <!-- Suite -->
</testng-results>
