<?xml version="1.0" encoding="UTF-8"?>
<testng-results skipped="0" failed="0" ignored="0" total="1" passed="1">
  <reporter-output>
  </reporter-output>
  <suite name="Default suite" duration-ms="21099" started-at="2017-09-15T10:29:09Z" finished-at="2017-09-15T10:29:30Z">
    <groups>
    </groups>
    <test name="Default test" duration-ms="21099" started-at="2017-09-15T10:29:09Z" finished-at="2017-09-15T10:29:30Z">
      <class name="com.gmaillogin.GmailLogin">
        <test-method status="PASS" signature="login()[pri:0, instance:com.gmaillogin.GmailLogin@2b98378d]" name="login" duration-ms="21070" started-at="2017-09-15T15:59:09Z" finished-at="2017-09-15T15:59:30Z">
          <reporter-output>
          </reporter-output>
        </test-method> <!-- login -->
      </class> <!-- com.gmaillogin.GmailLogin -->
    </test> <!-- Default test -->
  </suite> <!-- Default suite -->
</testng-results>
